<?xml version="1.0"?>

<beans
	xmlns="http://www.springframework.org/schema/beans"
	xmlns:xsi="http://www.w3.org/2001/XMLSchema-instance"
	xmlns:util="http://www.springframework.org/schema/util"
	xsi:schemaLocation="http://www.springframework.org/schema/beans http://www.springframework.org/schema/beans/spring-beans-3.0.xsd http://www.springframework.org/schema/util http://www.springframework.org/schema/util/spring-util-3.0.xsd"
>
	<bean id="portletClassLoader" class="com.liferay.portal.kernel.portlet.PortletClassLoaderUtil" factory-method="getClassLoader" />
	<bean id="test.bean" class="com.liferay.portal.cluster.TestBean" >
		<property name="key">
			<util:constant static-field="com.liferay.portal.cluster.BaseClusterExecutorImplTestCase.SERIALIZABLE_RETRUN_VALUE" />
		</property>
	</bean>
</beans>