<?xml version="1.0"?>

<beans
	default-destroy-method="destroy"
	default-init-method="afterPropertiesSet"
	xmlns="http://www.springframework.org/schema/beans"
	xmlns:aop="http://www.springframework.org/schema/aop"
	xmlns:xsi="http://www.w3.org/2001/XMLSchema-instance"
	xsi:schemaLocation="http://www.springframework.org/schema/aop http://www.springframework.org/schema/aop/spring-aop-3.0.xsd http://www.springframework.org/schema/beans http://www.springframework.org/schema/beans/spring-beans-3.0.xsd"
>
	<bean id="com.liferay.portal.test.persistence.TransactionalPersistenceAdvice" class="com.liferay.portal.test.persistence.TransactionalPersistenceAdvice" />
	<aop:config proxy-target-class="false">
		<aop:advisor advice-ref="com.liferay.portal.test.persistence.TransactionalPersistenceAdvice" pointcut="execution(* com.liferay.portal.service.persistence.BasePersistence+.update(..))" />
	</aop:config>
</beans>