<?xml version="1.0"?>

<root available-locales="en_US" default-locale="en_US">
	<dynamic-element instance-id="pcm9WPVX" name="list" type="list" index-type="keyword">
		<dynamic-content language-id="en_US"><![CDATA[a]]></dynamic-content>
	</dynamic-element>
</root>