<?xml version="1.0"?>

<root available-locales="en_US,pt_BR" default-locale="en_US">
	<dynamic-element instance-id="ND057krU" name="text_box" type="text_box" index-type="text">
		<dynamic-content language-id="en_US"><![CDATA[one]]></dynamic-content>
		<dynamic-content language-id="pt_BR"><![CDATA[um]]></dynamic-content>
	</dynamic-element>
	<dynamic-element instance-id="HvemvQgl" name="text_box" type="text_box" index-type="text">
		<dynamic-content language-id="en_US"><![CDATA[two]]></dynamic-content>
		<dynamic-content language-id="pt_BR"><![CDATA[dois]]></dynamic-content>
	</dynamic-element>
	<dynamic-element instance-id="enAnbvq6" name="text_box" type="text_box" index-type="text">
		<dynamic-content language-id="en_US"><![CDATA[three]]></dynamic-content>
		<dynamic-content language-id="pt_BR"><![CDATA[tres]]></dynamic-content>
	</dynamic-element>
</root>