<?xml version="1.0"?>

<root available-locales="en_US" default-locale="en_US">
	<dynamic-element instance-id="MiO7vIJu" name="link_to_layout" type="link_to_layout" index-type="text">
		<dynamic-content language-id="en_US"><![CDATA[1@public]]></dynamic-content>
	</dynamic-element>
</root>